pip install pandas
Successfully installed numpy-1.21.4 pandas-1.3.4 python-dateutil-2.8.2 pytz-2021.3 six-1.16.0

===

pip install psutil
Successfully installed psutil-5.8.0

===

pip install pyautogui
Successfully installed Pillow-8.4.0 PyTweening-1.0.4 mouseinfo-0.1.3 pyautogui-0.9.53 pygetwindow-0.0.9 pymsgbox-1.0.9 pyperclip-1.8.2 pyrect-0.1.4 pyscreeze-0.1.28 python3-Xlib-0.15

===

pip install pyqt5
FileNotFoundError: [Errno 2] No such file or directory: '/tmp/pip-install-m28p6rvd/pyqt5/setup.py'

pip3 install --upgrade pip
pip install pyqt5

===

pip install system_hotkey
Successfully installed system-hotkey-1.0.3

pip install xcffib
Successfully installed cffi-1.15.0 pycparser-2.21 xcffib-0.11.1

pip install xpybutil
Successfully installed xpybutil-0.0.6

===

pip install sqlalchemy
Successfully installed greenlet-1.1.2 importlib-metadata-4.8.2 sqlalchemy-1.4.27 typing-extensions-4.0.0 zipp-3.6.0

===

pip install tqdm
Successfully installed tqdm-4.62.3


console ok

======

chart

pip install requests
Successfully installed certifi-2021.10.8 charset-normalizer-2.0.7 idna-3.3 requests-2.26.0 urllib3-1.26.7

===

pip install xlrd
Successfully installed xlrd-2.0.1

===

pip install pymysql
Successfully installed pymysql-1.0.2

===

pip install mplfinance
Successfully installed cycler-0.11.0 kiwisolver-1.3.2 matplotlib-3.4.3 mplfinance-0.12.7a17 pyparsing-3.0.6

chart ok

======

backtest

pip install backtrader
Successfully installed backtrader-1.9.76.123

======

toolkit

pip install playsound
Successfully installed playsound-1.3.0

pip install pytesseract
Successfully installed pytesseract-0.3.8

=====

trade manager

pip install openpyxl
Successfully installed et-xmlfile-1.1.0 openpyxl-3.0.9

=====

quotation monitor

pip install pyttsx3
Successfully installed pyttsx3-2.90

=====

pip install bottleneck
Successfully installed bottleneck-1.3.2